0 info it worked if it ends with ok
1 verbose cli [ '/usr/bin/node', '/usr/bin/npm', 'run', 'test', '--forceExit' ]
2 info using npm@3.10.10
3 info using node@v6.14.3
4 verbose run-script [ 'pretest', 'test', 'posttest' ]
5 info lifecycle iteminfo@1.0.0~pretest: iteminfo@1.0.0
6 silly lifecycle iteminfo@1.0.0~pretest: no script for pretest, continuing
7 info lifecycle iteminfo@1.0.0~test: iteminfo@1.0.0
8 verbose lifecycle iteminfo@1.0.0~test: unsafe-perm in lifecycle true
9 verbose lifecycle iteminfo@1.0.0~test: PATH: /usr/lib/node_modules/npm/bin/node-gyp-bin:/home/ricardo/Documents/Bootcamp/front_end_capstone/service/node_modules/.bin:/home/ricardo/anaconda3/bin:/home/ricardo/bin:/home/ricardo/.local/bin:/usr/local/sbin:/usr/local/bin:/usr/sbin:/usr/bin:/sbin:/bin:/usr/games:/usr/local/games:/snap/bin
10 verbose lifecycle iteminfo@1.0.0~test: CWD: /home/ricardo/Documents/Bootcamp/front_end_capstone/service
11 silly lifecycle iteminfo@1.0.0~test: Args: [ '-c', 'jest' ]
12 silly lifecycle iteminfo@1.0.0~test: Returned: code: 1  signal: null
13 info lifecycle iteminfo@1.0.0~test: Failed to exec test script
14 verbose stack Error: iteminfo@1.0.0 test: `jest`
14 verbose stack Exit status 1
14 verbose stack     at EventEmitter.<anonymous> (/usr/lib/node_modules/npm/lib/utils/lifecycle.js:255:16)
14 verbose stack     at emitTwo (events.js:106:13)
14 verbose stack     at EventEmitter.emit (events.js:191:7)
14 verbose stack     at ChildProcess.<anonymous> (/usr/lib/node_modules/npm/lib/utils/spawn.js:40:14)
14 verbose stack     at emitTwo (events.js:106:13)
14 verbose stack     at ChildProcess.emit (events.js:191:7)
14 verbose stack     at maybeClose (internal/child_process.js:920:16)
14 verbose stack     at Process.ChildProcess._handle.onexit (internal/child_process.js:230:5)
15 verbose pkgid iteminfo@1.0.0
16 verbose cwd /home/ricardo/Documents/Bootcamp/front_end_capstone/service
17 error Linux 4.13.0-45-generic
18 error argv "/usr/bin/node" "/usr/bin/npm" "run" "test" "--forceExit"
19 error node v6.14.3
20 error npm  v3.10.10
21 error code ELIFECYCLE
22 error iteminfo@1.0.0 test: `jest`
22 error Exit status 1
23 error Failed at the iteminfo@1.0.0 test script 'jest'.
23 error Make sure you have the latest version of node.js and npm installed.
23 error If you do, this is most likely a problem with the iteminfo package,
23 error not with npm itself.
23 error Tell the author that this fails on your system:
23 error     jest
23 error You can get information on how to open an issue for this project with:
23 error     npm bugs iteminfo
23 error Or if that isn't available, you can get their info via:
23 error     npm owner ls iteminfo
23 error There is likely additional logging output above.
24 verbose exit [ 1, true ]
